<?xml version="1.0" encoding="UTF-8"?>
<testng-results ignored="0" total="1" passed="1" failed="0" skipped="0">
  <reporter-output>
  </reporter-output>
  <suite started-at="2026-03-15T17:20:31 UTC" name="Default suite" finished-at="2026-03-15T17:20:33 UTC" duration-ms="2097">
    <groups>
    </groups>
    <test started-at="2026-03-15T17:20:31 UTC" name="Default test" finished-at="2026-03-15T17:20:33 UTC" duration-ms="2097">
      <class name="com.api.tests.LoginAPITest">
        <test-method signature="loginTest()[pri:0, instance:com.api.tests.LoginAPITest@149e0f5d]" started-at="2026-03-15T17:20:31 UTC" name="loginTest" description="Verify if Login API is working.." finished-at="2026-03-15T17:20:33 UTC" duration-ms="2051" status="PASS">
          <reporter-output>
          </reporter-output>
        </test-method> <!-- loginTest -->
      </class> <!-- com.api.tests.LoginAPITest -->
    </test> <!-- Default test -->
  </suite> <!-- Default suite -->
</testng-results>
